2022-2022-07 20:30 [INFO][restartedMain][c.e.d.Day4AssignSpringEmployeePayrollApplication:55] Starting Day4AssignSpringEmployeePayrollApplication using Java 18.0.1.1 on DESKTOP-A3K6N6F with PID 8552 (D:\SpringBootProject\Day4Assign-SpringEmployeePayroll\target\classes started by Roshni in D:\SpringBootProject\Day4Assign-SpringEmployeePayroll)
2022-2022-07 20:30 [INFO][restartedMain][c.e.d.Day4AssignSpringEmployeePayrollApplication:634] No active profile set, falling back to 1 default profile: "default"
2022-2022-07 20:30 [INFO][restartedMain][o.s.b.d.e.DevToolsPropertyDefaultsPostProcessor:255] Devtools property defaults active! Set 'spring.devtools.add-properties' to 'false' to disable
2022-2022-07 20:30 [INFO][restartedMain][o.s.b.d.e.DevToolsPropertyDefaultsPostProcessor:255] For additional web related logging consider setting the 'logging.level.web' property to 'DEBUG'
2022-2022-07 20:30 [INFO][restartedMain][o.s.d.r.c.RepositoryConfigurationDelegate:132] Bootstrapping Spring Data JPA repositories in DEFAULT mode.
2022-2022-07 20:30 [INFO][restartedMain][o.s.d.r.c.RepositoryConfigurationDelegate:201] Finished Spring Data repository scanning in 181 ms. Found 1 JPA repository interfaces.
2022-2022-07 20:30 [INFO][restartedMain][o.s.b.w.e.t.TomcatWebServer:108] Tomcat initialized with port(s): 8081 (http)
2022-2022-07 20:30 [INFO][restartedMain][o.a.c.c.StandardService:173] Starting service [Tomcat]
2022-2022-07 20:30 [INFO][restartedMain][o.a.c.c.StandardEngine:173] Starting Servlet engine: [Apache Tomcat/9.0.64]
2022-2022-07 20:30 [INFO][restartedMain][o.a.c.c.C.[.[.[/]:173] Initializing Spring embedded WebApplicationContext
2022-2022-07 20:30 [INFO][restartedMain][o.s.b.w.s.c.ServletWebServerApplicationContext:292] Root WebApplicationContext: initialization completed in 6052 ms
2022-2022-07 20:30 [INFO][restartedMain][o.h.j.i.u.LogHelper:31] HHH000204: Processing PersistenceUnitInfo [name: default]
2022-2022-07 20:30 [INFO][restartedMain][o.h.Version:44] HHH000412: Hibernate ORM core version 5.6.9.Final
2022-2022-07 20:30 [INFO][restartedMain][o.h.a.c.Version:56] HCANN000001: Hibernate Commons Annotations {5.1.2.Final}
2022-2022-07 20:30 [INFO][restartedMain][c.z.h.HikariDataSource:110] HikariPool-1 - Starting...
2022-2022-07 20:31 [INFO][restartedMain][c.z.h.HikariDataSource:123] HikariPool-1 - Start completed.
2022-2022-07 20:31 [INFO][restartedMain][o.h.d.Dialect:175] HHH000400: Using dialect: org.hibernate.dialect.MySQL8Dialect
2022-2022-07 20:31 [INFO][restartedMain][o.h.e.t.j.p.i.JtaPlatformInitiator:52] HHH000490: Using JtaPlatform implementation: [org.hibernate.engine.transaction.jta.platform.internal.NoJtaPlatform]
2022-2022-07 20:31 [INFO][restartedMain][o.s.o.j.LocalContainerEntityManagerFactoryBean:437] Initialized JPA EntityManagerFactory for persistence unit 'default'
2022-2022-07 20:31 [WARN][restartedMain][o.s.b.a.o.j.JpaBaseConfiguration$JpaWebConfiguration:219] spring.jpa.open-in-view is enabled by default. Therefore, database queries may be performed during view rendering. Explicitly configure spring.jpa.open-in-view to disable this warning
2022-2022-07 20:31 [INFO][restartedMain][o.s.b.d.a.OptionalLiveReloadServer:58] LiveReload server is running on port 35729
2022-2022-07 20:31 [INFO][restartedMain][o.s.b.w.e.t.TomcatWebServer:220] Tomcat started on port(s): 8081 (http) with context path ''
2022-2022-07 20:31 [INFO][restartedMain][c.e.d.Day4AssignSpringEmployeePayrollApplication:61] Started Day4AssignSpringEmployeePayrollApplication in 25.819 seconds (JVM running for 30.72)
2022-2022-07 20:31 [INFO][restartedMain][c.e.d.Day4AssignSpringEmployeePayrollApplication:13] hello bridgelabz
2022-2022-07 20:36 [INFO][restartedMain][c.e.d.Day4AssignSpringEmployeePayrollApplication:55] Starting Day4AssignSpringEmployeePayrollApplication using Java 18.0.1.1 on DESKTOP-A3K6N6F with PID 8084 (D:\SpringBootProject\Day4Assign-SpringEmployeePayroll\target\classes started by Roshni in D:\SpringBootProject\Day4Assign-SpringEmployeePayroll)
2022-2022-07 20:36 [INFO][restartedMain][c.e.d.Day4AssignSpringEmployeePayrollApplication:640] The following 1 profile is active: "dev"
2022-2022-07 20:36 [INFO][restartedMain][o.s.b.d.e.DevToolsPropertyDefaultsPostProcessor:255] Devtools property defaults active! Set 'spring.devtools.add-properties' to 'false' to disable
2022-2022-07 20:36 [INFO][restartedMain][o.s.b.d.e.DevToolsPropertyDefaultsPostProcessor:255] For additional web related logging consider setting the 'logging.level.web' property to 'DEBUG'
2022-2022-07 20:36 [INFO][restartedMain][o.s.d.r.c.RepositoryConfigurationDelegate:132] Bootstrapping Spring Data JPA repositories in DEFAULT mode.
2022-2022-07 20:36 [INFO][restartedMain][o.s.d.r.c.RepositoryConfigurationDelegate:201] Finished Spring Data repository scanning in 78 ms. Found 1 JPA repository interfaces.
2022-2022-07 20:36 [INFO][restartedMain][o.s.b.w.e.t.TomcatWebServer:108] Tomcat initialized with port(s): 8081 (http)
2022-2022-07 20:36 [INFO][restartedMain][o.a.c.c.StandardService:173] Starting service [Tomcat]
2022-2022-07 20:36 [INFO][restartedMain][o.a.c.c.StandardEngine:173] Starting Servlet engine: [Apache Tomcat/9.0.64]
2022-2022-07 20:36 [INFO][restartedMain][o.a.c.c.C.[.[.[/]:173] Initializing Spring embedded WebApplicationContext
2022-2022-07 20:36 [INFO][restartedMain][o.s.b.w.s.c.ServletWebServerApplicationContext:292] Root WebApplicationContext: initialization completed in 3369 ms
2022-2022-07 20:36 [INFO][restartedMain][o.h.j.i.u.LogHelper:31] HHH000204: Processing PersistenceUnitInfo [name: default]
2022-2022-07 20:36 [INFO][restartedMain][o.h.Version:44] HHH000412: Hibernate ORM core version 5.6.9.Final
2022-2022-07 20:36 [INFO][restartedMain][o.h.a.c.Version:56] HCANN000001: Hibernate Commons Annotations {5.1.2.Final}
2022-2022-07 20:36 [INFO][restartedMain][c.z.h.HikariDataSource:110] HikariPool-1 - Starting...
2022-2022-07 20:36 [INFO][restartedMain][c.z.h.HikariDataSource:123] HikariPool-1 - Start completed.
2022-2022-07 20:36 [INFO][restartedMain][o.h.d.Dialect:175] HHH000400: Using dialect: org.hibernate.dialect.MySQL8Dialect
2022-2022-07 20:36 [INFO][restartedMain][o.h.e.t.j.p.i.JtaPlatformInitiator:52] HHH000490: Using JtaPlatform implementation: [org.hibernate.engine.transaction.jta.platform.internal.NoJtaPlatform]
2022-2022-07 20:36 [INFO][restartedMain][o.s.o.j.LocalContainerEntityManagerFactoryBean:437] Initialized JPA EntityManagerFactory for persistence unit 'default'
2022-2022-07 20:36 [WARN][restartedMain][o.s.b.a.o.j.JpaBaseConfiguration$JpaWebConfiguration:219] spring.jpa.open-in-view is enabled by default. Therefore, database queries may be performed during view rendering. Explicitly configure spring.jpa.open-in-view to disable this warning
2022-2022-07 20:36 [INFO][restartedMain][o.s.b.d.a.OptionalLiveReloadServer:58] LiveReload server is running on port 35729
2022-2022-07 20:36 [INFO][restartedMain][o.s.b.w.e.t.TomcatWebServer:220] Tomcat started on port(s): 8081 (http) with context path ''
2022-2022-07 20:36 [INFO][restartedMain][c.e.d.Day4AssignSpringEmployeePayrollApplication:61] Started Day4AssignSpringEmployeePayrollApplication in 13.621 seconds (JVM running for 16.981)
2022-2022-07 20:36 [INFO][restartedMain][c.e.d.Day4AssignSpringEmployeePayrollApplication:13] hello bridgelabz
2022-2022-07 21:51 [INFO][restartedMain][c.e.d.Day4AssignSpringEmployeePayrollApplication:55] Starting Day4AssignSpringEmployeePayrollApplication using Java 18.0.1.1 on DESKTOP-A3K6N6F with PID 6872 (D:\SpringBootProject\Day4Assign-SpringEmployeePayroll\target\classes started by root in D:\SpringBootProject\Day4Assign-SpringEmployeePayroll)
2022-2022-07 21:51 [INFO][restartedMain][c.e.d.Day4AssignSpringEmployeePayrollApplication:640] The following 1 profile is active: "dev"
2022-2022-07 21:51 [INFO][restartedMain][o.s.b.d.e.DevToolsPropertyDefaultsPostProcessor:255] Devtools property defaults active! Set 'spring.devtools.add-properties' to 'false' to disable
2022-2022-07 21:51 [INFO][restartedMain][o.s.b.d.e.DevToolsPropertyDefaultsPostProcessor:255] For additional web related logging consider setting the 'logging.level.web' property to 'DEBUG'
2022-2022-07 21:51 [INFO][restartedMain][o.s.d.r.c.RepositoryConfigurationDelegate:132] Bootstrapping Spring Data JPA repositories in DEFAULT mode.
2022-2022-07 21:51 [INFO][restartedMain][o.s.d.r.c.RepositoryConfigurationDelegate:201] Finished Spring Data repository scanning in 178 ms. Found 1 JPA repository interfaces.
2022-2022-07 21:51 [INFO][restartedMain][o.s.b.w.e.t.TomcatWebServer:108] Tomcat initialized with port(s): 8081 (http)
2022-2022-07 21:51 [INFO][restartedMain][o.a.c.c.StandardService:173] Starting service [Tomcat]
2022-2022-07 21:51 [INFO][restartedMain][o.a.c.c.StandardEngine:173] Starting Servlet engine: [Apache Tomcat/9.0.64]
2022-2022-07 21:51 [INFO][restartedMain][o.a.c.c.C.[.[.[/]:173] Initializing Spring embedded WebApplicationContext
2022-2022-07 21:51 [INFO][restartedMain][o.s.b.w.s.c.ServletWebServerApplicationContext:292] Root WebApplicationContext: initialization completed in 5685 ms
2022-2022-07 21:51 [INFO][restartedMain][o.h.j.i.u.LogHelper:31] HHH000204: Processing PersistenceUnitInfo [name: default]
2022-2022-07 21:51 [INFO][restartedMain][o.h.Version:44] HHH000412: Hibernate ORM core version 5.6.9.Final
2022-2022-07 21:51 [INFO][restartedMain][o.h.a.c.Version:56] HCANN000001: Hibernate Commons Annotations {5.1.2.Final}
2022-2022-07 21:51 [INFO][restartedMain][c.z.h.HikariDataSource:110] HikariPool-1 - Starting...
2022-2022-07 21:51 [INFO][restartedMain][c.z.h.HikariDataSource:123] HikariPool-1 - Start completed.
2022-2022-07 21:51 [INFO][restartedMain][o.h.d.Dialect:175] HHH000400: Using dialect: org.hibernate.dialect.MySQL8Dialect
2022-2022-07 21:51 [INFO][restartedMain][o.h.e.t.j.p.i.JtaPlatformInitiator:52] HHH000490: Using JtaPlatform implementation: [org.hibernate.engine.transaction.jta.platform.internal.NoJtaPlatform]
2022-2022-07 21:51 [INFO][restartedMain][o.s.o.j.LocalContainerEntityManagerFactoryBean:437] Initialized JPA EntityManagerFactory for persistence unit 'default'
2022-2022-07 21:51 [WARN][restartedMain][o.s.b.a.o.j.JpaBaseConfiguration$JpaWebConfiguration:219] spring.jpa.open-in-view is enabled by default. Therefore, database queries may be performed during view rendering. Explicitly configure spring.jpa.open-in-view to disable this warning
2022-2022-07 21:51 [INFO][restartedMain][o.s.b.d.a.OptionalLiveReloadServer:58] LiveReload server is running on port 35729
2022-2022-07 21:51 [INFO][restartedMain][o.s.b.w.e.t.TomcatWebServer:220] Tomcat started on port(s): 8081 (http) with context path ''
2022-2022-07 21:51 [INFO][restartedMain][c.e.d.Day4AssignSpringEmployeePayrollApplication:61] Started Day4AssignSpringEmployeePayrollApplication in 24.244 seconds (JVM running for 32.904)
2022-2022-07 21:51 [INFO][restartedMain][c.e.d.Day4AssignSpringEmployeePayrollApplication:13] hello bridgelabz
2022-2022-07 22:59 [INFO][restartedMain][c.e.d.Day4AssignSpringEmployeePayrollApplication:55] Starting Day4AssignSpringEmployeePayrollApplication using Java 18.0.1.1 on DESKTOP-A3K6N6F with PID 3272 (D:\SpringBootProject\Day4Assign-SpringEmployeePayroll\target\classes started by root in D:\SpringBootProject\Day4Assign-SpringEmployeePayroll)
2022-2022-07 22:59 [INFO][restartedMain][c.e.d.Day4AssignSpringEmployeePayrollApplication:640] The following 1 profile is active: "dev"
2022-2022-07 22:59 [INFO][restartedMain][o.s.b.d.e.DevToolsPropertyDefaultsPostProcessor:255] Devtools property defaults active! Set 'spring.devtools.add-properties' to 'false' to disable
2022-2022-07 22:59 [INFO][restartedMain][o.s.b.d.e.DevToolsPropertyDefaultsPostProcessor:255] For additional web related logging consider setting the 'logging.level.web' property to 'DEBUG'
2022-2022-07 22:59 [INFO][restartedMain][o.s.d.r.c.RepositoryConfigurationDelegate:132] Bootstrapping Spring Data JPA repositories in DEFAULT mode.
2022-2022-07 22:59 [INFO][restartedMain][o.s.d.r.c.RepositoryConfigurationDelegate:201] Finished Spring Data repository scanning in 422 ms. Found 1 JPA repository interfaces.
2022-2022-07 22:59 [INFO][restartedMain][o.s.b.w.e.t.TomcatWebServer:108] Tomcat initialized with port(s): 8081 (http)
2022-2022-07 22:59 [INFO][restartedMain][o.a.c.c.StandardService:173] Starting service [Tomcat]
2022-2022-07 22:59 [INFO][restartedMain][o.a.c.c.StandardEngine:173] Starting Servlet engine: [Apache Tomcat/9.0.64]
2022-2022-07 22:59 [INFO][restartedMain][o.a.c.c.C.[.[.[/]:173] Initializing Spring embedded WebApplicationContext
2022-2022-07 22:59 [INFO][restartedMain][o.s.b.w.s.c.ServletWebServerApplicationContext:292] Root WebApplicationContext: initialization completed in 11584 ms
2022-2022-07 22:59 [INFO][restartedMain][o.h.j.i.u.LogHelper:31] HHH000204: Processing PersistenceUnitInfo [name: default]
2022-2022-07 22:59 [INFO][restartedMain][o.h.Version:44] HHH000412: Hibernate ORM core version 5.6.9.Final
2022-2022-07 22:59 [INFO][restartedMain][o.h.a.c.Version:56] HCANN000001: Hibernate Commons Annotations {5.1.2.Final}
2022-2022-07 22:59 [INFO][restartedMain][c.z.h.HikariDataSource:110] HikariPool-1 - Starting...
2022-2022-07 22:59 [INFO][restartedMain][c.z.h.HikariDataSource:123] HikariPool-1 - Start completed.
2022-2022-07 22:59 [INFO][restartedMain][o.h.d.Dialect:175] HHH000400: Using dialect: org.hibernate.dialect.MySQL8Dialect
2022-2022-07 23:00 [INFO][restartedMain][o.h.e.t.j.p.i.JtaPlatformInitiator:52] HHH000490: Using JtaPlatform implementation: [org.hibernate.engine.transaction.jta.platform.internal.NoJtaPlatform]
2022-2022-07 23:00 [INFO][restartedMain][o.s.o.j.LocalContainerEntityManagerFactoryBean:437] Initialized JPA EntityManagerFactory for persistence unit 'default'
2022-2022-07 23:00 [WARN][restartedMain][o.s.b.a.o.j.JpaBaseConfiguration$JpaWebConfiguration:219] spring.jpa.open-in-view is enabled by default. Therefore, database queries may be performed during view rendering. Explicitly configure spring.jpa.open-in-view to disable this warning
2022-2022-07 23:00 [INFO][restartedMain][o.s.b.d.a.OptionalLiveReloadServer:58] LiveReload server is running on port 35729
2022-2022-07 23:00 [INFO][restartedMain][o.s.b.w.e.t.TomcatWebServer:220] Tomcat started on port(s): 8081 (http) with context path ''
2022-2022-07 23:00 [INFO][restartedMain][c.e.d.Day4AssignSpringEmployeePayrollApplication:61] Started Day4AssignSpringEmployeePayrollApplication in 56.047 seconds (JVM running for 65.134)
2022-2022-07 23:00 [INFO][restartedMain][c.e.d.Day4AssignSpringEmployeePayrollApplication:13] hello bridgelabz
2022-2022-07 23:03 [INFO][http-nio-8081-exec-2][o.a.c.c.C.[.[.[/]:173] Initializing Spring DispatcherServlet 'dispatcherServlet'
2022-2022-07 23:03 [INFO][http-nio-8081-exec-2][o.s.w.s.DispatcherServlet:525] Initializing Servlet 'dispatcherServlet'
2022-2022-07 23:03 [INFO][http-nio-8081-exec-2][o.s.w.s.DispatcherServlet:547] Completed initialization in 1 ms
2022-2022-07 23:04 [WARN][http-nio-8081-exec-4][o.s.w.s.m.s.DefaultHandlerExceptionResolver:208] Resolved [org.springframework.web.bind.MethodArgumentNotValidException: Validation failed for argument [0] in public org.springframework.http.ResponseEntity<com.example.day4assignspringemployeepayroll.dto.ResponseDTO> com.example.day4assignspringemployeepayroll.controller.EmployeeController.createEmployeePayrollData(com.example.day4assignspringemployeepayroll.dto.EmployeeDTO): [Field error in object 'employeeDTO' on field 'name': rejected value [raj]; codes [Pattern.employeeDTO.name,Pattern.name,Pattern.java.lang.String,Pattern]; arguments [org.springframework.context.support.DefaultMessageSourceResolvable: codes [employeeDTO.name,name]; arguments []; default message [name],[Ljavax.validation.constraints.Pattern$Flag;@1a12bc7a,^[A-Z]{1}[a-zA-Z\s]{2,}$]; default message [Employee name Invalid]] ]
2022-2022-07 23:05 [WARN][http-nio-8081-exec-7][o.s.w.s.m.s.DefaultHandlerExceptionResolver:208] Resolved [org.springframework.web.bind.MethodArgumentNotValidException: Validation failed for argument [0] in public org.springframework.http.ResponseEntity<com.example.day4assignspringemployeepayroll.dto.ResponseDTO> com.example.day4assignspringemployeepayroll.controller.EmployeeController.createEmployeePayrollData(com.example.day4assignspringemployeepayroll.dto.EmployeeDTO): [Field error in object 'employeeDTO' on field 'name': rejected value [raj]; codes [Pattern.employeeDTO.name,Pattern.name,Pattern.java.lang.String,Pattern]; arguments [org.springframework.context.support.DefaultMessageSourceResolvable: codes [employeeDTO.name,name]; arguments []; default message [name],[Ljavax.validation.constraints.Pattern$Flag;@1a12bc7a,^[A-Z]{1}[a-zA-Z\s]{2,}$]; default message [Employee name Invalid]] ]
2022-2022-07 23:05 [INFO][SpringApplicationShutdownHook][o.s.o.j.LocalContainerEntityManagerFactoryBean:651] Closing JPA EntityManagerFactory for persistence unit 'default'
2022-2022-07 23:05 [INFO][SpringApplicationShutdownHook][c.z.h.HikariDataSource:350] HikariPool-1 - Shutdown initiated...
2022-2022-07 23:05 [INFO][SpringApplicationShutdownHook][c.z.h.HikariDataSource:352] HikariPool-1 - Shutdown completed.
